{"level":"notice","message":"*** starting actionhero ***","timestamp":"2014-08-05T23:01:55.824Z"}
{"level":"warning","message":"running with fakeredis","timestamp":"2014-08-05T23:01:55.849Z"}
{"level":"warning","message":"Failed to authenticate for MySQL. Please double check your settings.","timestamp":"2014-08-05T23:01:56.553Z"}
{"level":"notice","message":"*** starting actionhero ***","timestamp":"2014-08-05T23:03:03.499Z"}
{"level":"warning","message":"running with fakeredis","timestamp":"2014-08-05T23:03:03.527Z"}
{"level":"info","message":"running custom initializer: mySQL","timestamp":"2014-08-05T23:03:03.823Z"}
{"level":"info","message":"environment: development","timestamp":"2014-08-05T23:03:03.824Z"}
{"level":"notice","message":"pid: 23906","timestamp":"2014-08-05T23:03:03.825Z"}
{"level":"info","message":"ensuring the existence of the chatRoom: defaultRoom","timestamp":"2014-08-05T23:03:03.825Z"}
{"level":"notice","message":"starting server: web","timestamp":"2014-08-05T23:03:03.827Z"}
{"level":"notice","message":"starting server: websocket","timestamp":"2014-08-05T23:03:03.831Z"}
{"level":"notice","message":"webSockets bound to 0.0.0.0:8080","timestamp":"2014-08-05T23:03:03.854Z"}
{"level":"info","message":"actionhero member actionhero has joined the cluster","timestamp":"2014-08-05T23:03:04.203Z"}
{"level":"info","message":"Connected to DB and coutned 7 users.","timestamp":"2014-08-05T23:03:04.215Z"}
{"level":"notice","message":"server ID: actionhero","timestamp":"2014-08-05T23:03:04.215Z"}
{"level":"notice","message":"*** Server Started @ 2014-08-05 19:03:03 ***","timestamp":"2014-08-05T23:03:04.215Z"}
{"to":"127.0.0.1","action":"{no action}","params":"{\"action\":\"\",\"\":\"\"}","duration":1,"error":"\"Error: {no action} is not a known action or that is not a valid apiVersion.\"","level":"info","message":"[ action @ web ]","timestamp":"2014-08-05T23:03:14.808Z"}
{"to":"127.0.0.1","action":"userAuthen","params":"{\"id\":8,\"action\":\"userAuthen\"}","duration":0,"error":"\"Error: userAuthen is not a known action or that is not a valid apiVersion.\"","level":"info","message":"[ action @ web ]","timestamp":"2014-08-05T23:28:59.583Z"}
{"to":"127.0.0.1","action":"userAuthen","params":"{\"id\":8,\"action\":\"userAuthen\"}","duration":0,"error":"\"Error: userAuthen is not a known action or that is not a valid apiVersion.\"","level":"info","message":"[ action @ web ]","timestamp":"2014-08-05T23:29:02.687Z"}
{"to":"127.0.0.1","action":"userAuthenticate","params":"{\"id\":8,\"action\":\"userAuthenticate\",\"apiVersion\":1}","duration":1,"error":"\"Error: password is a required parameter for this action\"","level":"info","message":"[ action @ web ]","timestamp":"2014-08-05T23:29:13.992Z"}
{"level":"error","message":"! uncaught error from action: userAuthenticate","timestamp":"2014-08-05T23:33:34.157Z"}
{"level":"error","message":"! connection details:","timestamp":"2014-08-05T23:33:34.157Z"}
{"level":"error","message":"!     action: \"userAuthenticate\"","timestamp":"2014-08-05T23:33:34.157Z"}
{"level":"error","message":"!     remoteIP: \"127.0.0.1\"","timestamp":"2014-08-05T23:33:34.158Z"}
{"level":"error","message":"!     type: \"web\"","timestamp":"2014-08-05T23:33:34.158Z"}
{"level":"error","message":"!     params: {\"id\":8,\"password\":\"mch321741\",\"action\":\"userAuthenticate\",\"apiVersion\":1}","timestamp":"2014-08-05T23:33:34.158Z"}
{"level":"error","message":"! TypeError: Cannot call method 'verifyPassword' of undefined","timestamp":"2014-08-05T23:33:34.160Z"}
{"level":"error","message":"!     at null.<anonymous> (/Users/mhiatt/Projects/cpm-api/actions/users.js:155:33)","timestamp":"2014-08-05T23:33:34.160Z"}
{"level":"error","message":"!     at b (domain.js:183:18)","timestamp":"2014-08-05T23:33:34.160Z"}
{"level":"error","message":"!     at emit (events.js:95:17)","timestamp":"2014-08-05T23:33:34.160Z"}
{"level":"error","message":"!     at module.exports.CustomEventEmitter.emit (/Users/mhiatt/Projects/cpm-api/node_modules/sequelize/lib/emitters/custom-event-emitter.js:61:33)","timestamp":"2014-08-05T23:33:34.161Z"}
{"level":"error","message":"!     at null.<anonymous> (/Users/mhiatt/Projects/cpm-api/node_modules/sequelize/lib/query-interface.js:981:19)","timestamp":"2014-08-05T23:33:34.161Z"}
{"level":"error","message":"!     at b (domain.js:183:18)","timestamp":"2014-08-05T23:33:34.161Z"}
{"level":"error","message":"!     at emit (events.js:117:20)","timestamp":"2014-08-05T23:33:34.161Z"}
{"level":"error","message":"!     at module.exports.CustomEventEmitter.emit (/Users/mhiatt/Projects/cpm-api/node_modules/sequelize/lib/emitters/custom-event-emitter.js:61:33)","timestamp":"2014-08-05T23:33:34.161Z"}
{"level":"error","message":"!     at null.<anonymous> (/Users/mhiatt/Projects/cpm-api/node_modules/sequelize/lib/dialects/mysql/query.js:33:14)","timestamp":"2014-08-05T23:33:34.161Z"}
{"level":"error","message":"!     at Query.b [as _callback] (domain.js:183:18)","timestamp":"2014-08-05T23:33:34.161Z"}
{"level":"error","message":"*","timestamp":"2014-08-05T23:33:34.161Z"}
{"to":"127.0.0.1","action":"userAuthenticate","params":"{\"id\":8,\"password\":\"mch321741\",\"action\":\"userAuthenticate\",\"apiVersion\":1}","duration":8,"error":"\"Error: The server experienced an internal error\"","level":"info","message":"[ action @ web ]","timestamp":"2014-08-05T23:33:34.161Z"}
{"level":"error","message":"! uncaught error from action: userAuthenticate","timestamp":"2014-08-05T23:34:23.952Z"}
{"level":"error","message":"! connection details:","timestamp":"2014-08-05T23:34:23.952Z"}
{"level":"error","message":"!     action: \"userAuthenticate\"","timestamp":"2014-08-05T23:34:23.952Z"}
{"level":"error","message":"!     remoteIP: \"127.0.0.1\"","timestamp":"2014-08-05T23:34:23.952Z"}
{"level":"error","message":"!     type: \"web\"","timestamp":"2014-08-05T23:34:23.952Z"}
{"level":"error","message":"!     params: {\"id\":8,\"password\":\"mch321741\",\"action\":\"userAuthenticate\",\"apiVersion\":1}","timestamp":"2014-08-05T23:34:23.953Z"}
{"level":"error","message":"! TypeError: Cannot call method 'verifyPassword' of undefined","timestamp":"2014-08-05T23:34:23.961Z"}
{"level":"error","message":"!     at null.<anonymous> (/Users/mhiatt/Projects/cpm-api/actions/users.js:155:39)","timestamp":"2014-08-05T23:34:23.961Z"}
{"level":"error","message":"!     at b (domain.js:183:18)","timestamp":"2014-08-05T23:34:23.961Z"}
{"level":"error","message":"!     at emit (events.js:95:17)","timestamp":"2014-08-05T23:34:23.961Z"}
{"level":"error","message":"!     at module.exports.CustomEventEmitter.emit (/Users/mhiatt/Projects/cpm-api/node_modules/sequelize/lib/emitters/custom-event-emitter.js:61:33)","timestamp":"2014-08-05T23:34:23.961Z"}
{"level":"error","message":"!     at null.<anonymous> (/Users/mhiatt/Projects/cpm-api/node_modules/sequelize/lib/query-interface.js:981:19)","timestamp":"2014-08-05T23:34:23.962Z"}
{"level":"error","message":"!     at b (domain.js:183:18)","timestamp":"2014-08-05T23:34:23.962Z"}
{"level":"error","message":"!     at emit (events.js:117:20)","timestamp":"2014-08-05T23:34:23.962Z"}
{"level":"error","message":"!     at module.exports.CustomEventEmitter.emit (/Users/mhiatt/Projects/cpm-api/node_modules/sequelize/lib/emitters/custom-event-emitter.js:61:33)","timestamp":"2014-08-05T23:34:23.962Z"}
{"level":"error","message":"!     at null.<anonymous> (/Users/mhiatt/Projects/cpm-api/node_modules/sequelize/lib/dialects/mysql/query.js:33:14)","timestamp":"2014-08-05T23:34:23.962Z"}
{"level":"error","message":"!     at Query.b [as _callback] (domain.js:183:18)","timestamp":"2014-08-05T23:34:23.962Z"}
{"level":"error","message":"*","timestamp":"2014-08-05T23:34:23.962Z"}
{"to":"127.0.0.1","action":"userAuthenticate","params":"{\"id\":8,\"password\":\"mch321741\",\"action\":\"userAuthenticate\",\"apiVersion\":1}","duration":13,"error":"\"Error: The server experienced an internal error\"","level":"info","message":"[ action @ web ]","timestamp":"2014-08-05T23:34:23.962Z"}
{"level":"error","message":"! uncaught error from action: userAuthenticate","timestamp":"2014-08-05T23:34:36.890Z"}
{"level":"error","message":"! connection details:","timestamp":"2014-08-05T23:34:36.890Z"}
{"level":"error","message":"!     action: \"userAuthenticate\"","timestamp":"2014-08-05T23:34:36.890Z"}
{"level":"error","message":"!     remoteIP: \"127.0.0.1\"","timestamp":"2014-08-05T23:34:36.891Z"}
{"level":"error","message":"!     type: \"web\"","timestamp":"2014-08-05T23:34:36.891Z"}
{"level":"error","message":"!     params: {\"id\":8,\"password\":\"mch321741\",\"action\":\"userAuthenticate\",\"apiVersion\":1}","timestamp":"2014-08-05T23:34:36.891Z"}
{"level":"error","message":"! TypeError: Cannot call method 'verifyPassword' of undefined","timestamp":"2014-08-05T23:34:36.892Z"}
{"level":"error","message":"!     at null.<anonymous> (/Users/mhiatt/Projects/cpm-api/actions/users.js:155:39)","timestamp":"2014-08-05T23:34:36.892Z"}
{"level":"error","message":"!     at b (domain.js:183:18)","timestamp":"2014-08-05T23:34:36.892Z"}
{"level":"error","message":"!     at emit (events.js:95:17)","timestamp":"2014-08-05T23:34:36.894Z"}
{"level":"error","message":"!     at module.exports.CustomEventEmitter.emit (/Users/mhiatt/Projects/cpm-api/node_modules/sequelize/lib/emitters/custom-event-emitter.js:61:33)","timestamp":"2014-08-05T23:34:36.895Z"}
{"level":"error","message":"!     at null.<anonymous> (/Users/mhiatt/Projects/cpm-api/node_modules/sequelize/lib/query-interface.js:981:19)","timestamp":"2014-08-05T23:34:36.895Z"}
{"level":"error","message":"!     at b (domain.js:183:18)","timestamp":"2014-08-05T23:34:36.895Z"}
{"level":"error","message":"!     at emit (events.js:117:20)","timestamp":"2014-08-05T23:34:36.895Z"}
{"level":"error","message":"!     at module.exports.CustomEventEmitter.emit (/Users/mhiatt/Projects/cpm-api/node_modules/sequelize/lib/emitters/custom-event-emitter.js:61:33)","timestamp":"2014-08-05T23:34:36.895Z"}
{"level":"error","message":"!     at null.<anonymous> (/Users/mhiatt/Projects/cpm-api/node_modules/sequelize/lib/dialects/mysql/query.js:33:14)","timestamp":"2014-08-05T23:34:36.895Z"}
{"level":"error","message":"!     at Query.b [as _callback] (domain.js:183:18)","timestamp":"2014-08-05T23:34:36.895Z"}
{"level":"error","message":"*","timestamp":"2014-08-05T23:34:36.895Z"}
{"to":"127.0.0.1","action":"userAuthenticate","params":"{\"id\":8,\"password\":\"mch321741\",\"action\":\"userAuthenticate\",\"apiVersion\":1}","duration":10,"error":"\"Error: The server experienced an internal error\"","level":"info","message":"[ action @ web ]","timestamp":"2014-08-05T23:34:36.896Z"}
{"level":"error","message":"! uncaught error from action: userAuthenticate","timestamp":"2014-08-05T23:35:32.948Z"}
{"level":"error","message":"! connection details:","timestamp":"2014-08-05T23:35:32.948Z"}
{"level":"error","message":"!     action: \"userAuthenticate\"","timestamp":"2014-08-05T23:35:32.949Z"}
{"level":"error","message":"!     remoteIP: \"127.0.0.1\"","timestamp":"2014-08-05T23:35:32.949Z"}
{"level":"error","message":"!     type: \"web\"","timestamp":"2014-08-05T23:35:32.951Z"}
{"level":"error","message":"!     params: {\"id\":8,\"password\":\"mch321741\",\"action\":\"userAuthenticate\",\"apiVersion\":1}","timestamp":"2014-08-05T23:35:32.951Z"}
{"level":"error","message":"! TypeError: Cannot call method 'verifyPassword' of undefined","timestamp":"2014-08-05T23:35:32.952Z"}
{"level":"error","message":"!     at null.<anonymous> (/Users/mhiatt/Projects/cpm-api/actions/users.js:155:40)","timestamp":"2014-08-05T23:35:32.953Z"}
{"level":"error","message":"!     at b (domain.js:183:18)","timestamp":"2014-08-05T23:35:32.953Z"}
{"level":"error","message":"!     at emit (events.js:95:17)","timestamp":"2014-08-05T23:35:32.953Z"}
{"level":"error","message":"!     at module.exports.CustomEventEmitter.emit (/Users/mhiatt/Projects/cpm-api/node_modules/sequelize/lib/emitters/custom-event-emitter.js:61:33)","timestamp":"2014-08-05T23:35:32.953Z"}
{"level":"error","message":"!     at null.<anonymous> (/Users/mhiatt/Projects/cpm-api/node_modules/sequelize/lib/query-interface.js:981:19)","timestamp":"2014-08-05T23:35:32.953Z"}
{"level":"error","message":"!     at b (domain.js:183:18)","timestamp":"2014-08-05T23:35:32.953Z"}
{"level":"error","message":"!     at emit (events.js:117:20)","timestamp":"2014-08-05T23:35:32.953Z"}
{"level":"error","message":"!     at module.exports.CustomEventEmitter.emit (/Users/mhiatt/Projects/cpm-api/node_modules/sequelize/lib/emitters/custom-event-emitter.js:61:33)","timestamp":"2014-08-05T23:35:32.953Z"}
{"level":"error","message":"!     at null.<anonymous> (/Users/mhiatt/Projects/cpm-api/node_modules/sequelize/lib/dialects/mysql/query.js:33:14)","timestamp":"2014-08-05T23:35:32.953Z"}
{"level":"error","message":"!     at Query.b [as _callback] (domain.js:183:18)","timestamp":"2014-08-05T23:35:32.953Z"}
{"level":"error","message":"*","timestamp":"2014-08-05T23:35:32.954Z"}
{"to":"127.0.0.1","action":"userAuthenticate","params":"{\"id\":8,\"password\":\"mch321741\",\"action\":\"userAuthenticate\",\"apiVersion\":1}","duration":13,"error":"\"Error: The server experienced an internal error\"","level":"info","message":"[ action @ web ]","timestamp":"2014-08-05T23:35:32.954Z"}
{"level":"error","message":"! uncaught error from action: userAuthenticate","timestamp":"2014-08-05T23:36:09.125Z"}
{"level":"error","message":"! connection details:","timestamp":"2014-08-05T23:36:09.125Z"}
{"level":"error","message":"!     action: \"userAuthenticate\"","timestamp":"2014-08-05T23:36:09.126Z"}
{"level":"error","message":"!     remoteIP: \"127.0.0.1\"","timestamp":"2014-08-05T23:36:09.126Z"}
{"level":"error","message":"!     type: \"web\"","timestamp":"2014-08-05T23:36:09.126Z"}
{"level":"error","message":"!     params: {\"id\":8,\"password\":\"mch321741\",\"action\":\"userAuthenticate\",\"apiVersion\":1}","timestamp":"2014-08-05T23:36:09.126Z"}
{"level":"error","message":"! TypeError: Cannot call method 'verifyPassword' of undefined","timestamp":"2014-08-05T23:36:09.127Z"}
{"level":"error","message":"!     at null.<anonymous> (/Users/mhiatt/Projects/cpm-api/actions/users.js:155:40)","timestamp":"2014-08-05T23:36:09.128Z"}
{"level":"error","message":"!     at b (domain.js:183:18)","timestamp":"2014-08-05T23:36:09.128Z"}
{"level":"error","message":"!     at emit (events.js:95:17)","timestamp":"2014-08-05T23:36:09.128Z"}
{"level":"error","message":"!     at module.exports.CustomEventEmitter.emit (/Users/mhiatt/Projects/cpm-api/node_modules/sequelize/lib/emitters/custom-event-emitter.js:61:33)","timestamp":"2014-08-05T23:36:09.128Z"}
{"level":"error","message":"!     at null.<anonymous> (/Users/mhiatt/Projects/cpm-api/node_modules/sequelize/lib/query-interface.js:981:19)","timestamp":"2014-08-05T23:36:09.128Z"}
{"level":"error","message":"!     at b (domain.js:183:18)","timestamp":"2014-08-05T23:36:09.129Z"}
{"level":"error","message":"!     at emit (events.js:117:20)","timestamp":"2014-08-05T23:36:09.129Z"}
{"level":"error","message":"!     at module.exports.CustomEventEmitter.emit (/Users/mhiatt/Projects/cpm-api/node_modules/sequelize/lib/emitters/custom-event-emitter.js:61:33)","timestamp":"2014-08-05T23:36:09.129Z"}
{"level":"error","message":"!     at null.<anonymous> (/Users/mhiatt/Projects/cpm-api/node_modules/sequelize/lib/dialects/mysql/query.js:33:14)","timestamp":"2014-08-05T23:36:09.130Z"}
{"level":"error","message":"!     at Query.b [as _callback] (domain.js:183:18)","timestamp":"2014-08-05T23:36:09.130Z"}
{"level":"error","message":"*","timestamp":"2014-08-05T23:36:09.130Z"}
{"to":"127.0.0.1","action":"userAuthenticate","params":"{\"id\":8,\"password\":\"mch321741\",\"action\":\"userAuthenticate\",\"apiVersion\":1}","duration":10,"error":"\"Error: The server experienced an internal error\"","level":"info","message":"[ action @ web ]","timestamp":"2014-08-05T23:36:09.130Z"}
{"level":"alert","message":"Shutting down open servers and stopping task processing","timestamp":"2014-08-05T23:36:21.876Z"}
{"level":"notice","message":"stopping server: web","timestamp":"2014-08-05T23:36:21.879Z"}
{"level":"notice","message":"stopping server: websocket","timestamp":"2014-08-05T23:36:21.879Z"}
{"level":"info","message":"actionhero member actionhero has left the cluster","timestamp":"2014-08-05T23:36:21.883Z"}
{"level":"alert","message":"The actionhero has been stopped","timestamp":"2014-08-05T23:36:22.382Z"}
